[22-Sep-2015 05:37:12 UTC] PHP Warning:  require_once(dbconnect.php): failed to open stream: No such file or directory in /home/ubuntu/workspace/log/login.php on line 8
[22-Sep-2015 05:37:12 UTC] PHP Stack trace:
[22-Sep-2015 05:37:12 UTC] PHP   1. {main}() /home/ubuntu/workspace/log/login.php:0
[22-Sep-2015 05:37:12 UTC] PHP Fatal error:  require_once(): Failed opening required 'dbconnect.php' (include_path='.:/usr/share/php:/usr/share/pear') in /home/ubuntu/workspace/log/login.php on line 8
[22-Sep-2015 05:37:12 UTC] PHP Stack trace:
[22-Sep-2015 05:37:12 UTC] PHP   1. {main}() /home/ubuntu/workspace/log/login.php:0
[22-Sep-2015 05:37:33 UTC] PHP Warning:  session_start(): Cannot send session cache limiter - headers already sent (output started at /home/ubuntu/workspace/smt/smitnyk.php:125) in /home/ubuntu/workspace/smt/smitnyk.php on line 126
[22-Sep-2015 05:37:33 UTC] PHP Stack trace:
[22-Sep-2015 05:37:33 UTC] PHP   1. {main}() /home/ubuntu/workspace/smt/smitnyk.php:0
[22-Sep-2015 05:37:33 UTC] PHP   2. session_start() /home/ubuntu/workspace/smt/smitnyk.php:126
[22-Sep-2015 11:29:03 UTC] PHP Warning:  require_once(dbconnect.php): failed to open stream: No such file or directory in /home/ubuntu/workspace/log/login.php on line 8
[22-Sep-2015 11:29:03 UTC] PHP Stack trace:
[22-Sep-2015 11:29:03 UTC] PHP   1. {main}() /home/ubuntu/workspace/log/login.php:0
[22-Sep-2015 11:29:03 UTC] PHP Fatal error:  require_once(): Failed opening required 'dbconnect.php' (include_path='.:/usr/share/php:/usr/share/pear') in /home/ubuntu/workspace/log/login.php on line 8
[22-Sep-2015 11:29:03 UTC] PHP Stack trace:
[22-Sep-2015 11:29:03 UTC] PHP   1. {main}() /home/ubuntu/workspace/log/login.php:0
[22-Sep-2015 11:30:53 UTC] PHP Warning:  session_start(): Cannot send session cache limiter - headers already sent (output started at /home/ubuntu/workspace/smt/smitnyk.php:125) in /home/ubuntu/workspace/smt/smitnyk.php on line 126
[22-Sep-2015 11:30:53 UTC] PHP Stack trace:
[22-Sep-2015 11:30:53 UTC] PHP   1. {main}() /home/ubuntu/workspace/smt/smitnyk.php:0
[22-Sep-2015 11:30:53 UTC] PHP   2. session_start() /home/ubuntu/workspace/smt/smitnyk.php:126
[22-Sep-2015 11:41:43 UTC] PHP Warning:  session_start(): Cannot send session cache limiter - headers already sent (output started at /home/ubuntu/workspace/smt/smitnyk.php:125) in /home/ubuntu/workspace/smt/smitnyk.php on line 126
[22-Sep-2015 11:41:43 UTC] PHP Stack trace:
[22-Sep-2015 11:41:43 UTC] PHP   1. {main}() /home/ubuntu/workspace/smt/smitnyk.php:0
[22-Sep-2015 11:41:43 UTC] PHP   2. session_start() /home/ubuntu/workspace/smt/smitnyk.php:126
[23-Sep-2015 14:17:07 UTC] PHP Warning:  require_once(dbconnect.php): failed to open stream: No such file or directory in /home/ubuntu/workspace/log/login.php on line 8
[23-Sep-2015 14:17:07 UTC] PHP Stack trace:
[23-Sep-2015 14:17:07 UTC] PHP   1. {main}() /home/ubuntu/workspace/log/login.php:0
[23-Sep-2015 14:17:07 UTC] PHP Fatal error:  require_once(): Failed opening required 'dbconnect.php' (include_path='.:/usr/share/php:/usr/share/pear') in /home/ubuntu/workspace/log/login.php on line 8
[23-Sep-2015 14:17:07 UTC] PHP Stack trace:
[23-Sep-2015 14:17:07 UTC] PHP   1. {main}() /home/ubuntu/workspace/log/login.php:0
[23-Sep-2015 14:40:51 UTC] PHP Warning:  session_start(): Cannot send session cache limiter - headers already sent (output started at /home/ubuntu/workspace/smt/smitnyk.php:125) in /home/ubuntu/workspace/smt/smitnyk.php on line 126
[23-Sep-2015 14:40:51 UTC] PHP Stack trace:
[23-Sep-2015 14:40:51 UTC] PHP   1. {main}() /home/ubuntu/workspace/smt/smitnyk.php:0
[23-Sep-2015 14:40:51 UTC] PHP   2. session_start() /home/ubuntu/workspace/smt/smitnyk.php:126
[23-Sep-2015 14:41:35 UTC] PHP Warning:  session_start(): Cannot send session cache limiter - headers already sent (output started at /home/ubuntu/workspace/wddp/wooddump.php:124) in /home/ubuntu/workspace/wddp/wooddump.php on line 125
[23-Sep-2015 14:41:35 UTC] PHP Stack trace:
[23-Sep-2015 14:41:35 UTC] PHP   1. {main}() /home/ubuntu/workspace/wddp/wooddump.php:0
[23-Sep-2015 14:41:35 UTC] PHP   2. session_start() /home/ubuntu/workspace/wddp/wooddump.php:125
[23-Sep-2015 14:49:14 UTC] PHP Warning:  include(dbconnect.php): failed to open stream: No such file or directory in /home/ubuntu/workspace/log/register.php on line 52
[23-Sep-2015 14:49:14 UTC] PHP Stack trace:
[23-Sep-2015 14:49:14 UTC] PHP   1. {main}() /home/ubuntu/workspace/log/register.php:0
[23-Sep-2015 14:49:14 UTC] PHP Warning:  include(): Failed opening 'dbconnect.php' for inclusion (include_path='.:/usr/share/php:/usr/share/pear') in /home/ubuntu/workspace/log/register.php on line 52
[23-Sep-2015 14:49:14 UTC] PHP Stack trace:
[23-Sep-2015 14:49:14 UTC] PHP   1. {main}() /home/ubuntu/workspace/log/register.php:0
[23-Sep-2015 14:49:14 UTC] PHP Warning:  mysql_connect(): Access denied for user ''@'localhost' (using password: NO) in /home/ubuntu/workspace/log/register.php on line 53
[23-Sep-2015 14:49:14 UTC] PHP Stack trace:
[23-Sep-2015 14:49:14 UTC] PHP   1. {main}() /home/ubuntu/workspace/log/register.php:0
[23-Sep-2015 14:49:14 UTC] PHP   2. mysql_connect() /home/ubuntu/workspace/log/register.php:53
[23-Sep-2015 14:49:14 UTC] PHP Warning:  mysql_select_db() expects parameter 2 to be resource, boolean given in /home/ubuntu/workspace/log/register.php on line 54
[23-Sep-2015 14:49:14 UTC] PHP Stack trace:
[23-Sep-2015 14:49:14 UTC] PHP   1. {main}() /home/ubuntu/workspace/log/register.php:0
[23-Sep-2015 14:49:14 UTC] PHP   2. mysql_select_db() /home/ubuntu/workspace/log/register.php:54
[23-Sep-2015 14:49:14 UTC] PHP Warning:  mysql_query(): Access denied for user ''@'localhost' (using password: NO) in /home/ubuntu/workspace/log/register.php on line 55
[23-Sep-2015 14:49:14 UTC] PHP Stack trace:
[23-Sep-2015 14:49:14 UTC] PHP   1. {main}() /home/ubuntu/workspace/log/register.php:0
[23-Sep-2015 14:49:14 UTC] PHP   2. mysql_query() /home/ubuntu/workspace/log/register.php:55
[23-Sep-2015 14:49:14 UTC] PHP Warning:  mysql_query(): A link to the server could not be established in /home/ubuntu/workspace/log/register.php on line 55
[23-Sep-2015 14:49:14 UTC] PHP Stack trace:
[23-Sep-2015 14:49:14 UTC] PHP   1. {main}() /home/ubuntu/workspace/log/register.php:0
[23-Sep-2015 14:49:14 UTC] PHP   2. mysql_query() /home/ubuntu/workspace/log/register.php:55
[23-Sep-2015 17:12:05 UTC] PHP Warning:  require_once(dbconnect.php): failed to open stream: No such file or directory in /home/ubuntu/workspace/log/login.php on line 8
[23-Sep-2015 17:12:05 UTC] PHP Stack trace:
[23-Sep-2015 17:12:05 UTC] PHP   1. {main}() /home/ubuntu/workspace/log/login.php:0
[23-Sep-2015 17:12:05 UTC] PHP Fatal error:  require_once(): Failed opening required 'dbconnect.php' (include_path='.:/usr/share/php:/usr/share/pear') in /home/ubuntu/workspace/log/login.php on line 8
[23-Sep-2015 17:12:05 UTC] PHP Stack trace:
[23-Sep-2015 17:12:05 UTC] PHP   1. {main}() /home/ubuntu/workspace/log/login.php:0
[23-Sep-2015 17:26:45 UTC] PHP Warning:  require_once(/home/ubuntu/workspacedbconnect.php): failed to open stream: No such file or directory in /home/ubuntu/workspace/log/login.php on line 8
[23-Sep-2015 17:26:45 UTC] PHP Stack trace:
[23-Sep-2015 17:26:45 UTC] PHP   1. {main}() /home/ubuntu/workspace/log/login.php:0
[23-Sep-2015 17:26:45 UTC] PHP Fatal error:  require_once(): Failed opening required '/home/ubuntu/workspacedbconnect.php' (include_path='.:/usr/share/php:/usr/share/pear') in /home/ubuntu/workspace/log/login.php on line 8
[23-Sep-2015 17:26:45 UTC] PHP Stack trace:
[23-Sep-2015 17:26:45 UTC] PHP   1. {main}() /home/ubuntu/workspace/log/login.php:0
[23-Sep-2015 17:28:59 UTC] PHP Warning:  require_once(/dbconnect.php): failed to open stream: No such file or directory in /home/ubuntu/workspace/log/login.php on line 8
[23-Sep-2015 17:28:59 UTC] PHP Stack trace:
[23-Sep-2015 17:28:59 UTC] PHP   1. {main}() /home/ubuntu/workspace/log/login.php:0
[23-Sep-2015 17:28:59 UTC] PHP Fatal error:  require_once(): Failed opening required '/dbconnect.php' (include_path='.:/usr/share/php:/usr/share/pear') in /home/ubuntu/workspace/log/login.php on line 8
[23-Sep-2015 17:28:59 UTC] PHP Stack trace:
[23-Sep-2015 17:28:59 UTC] PHP   1. {main}() /home/ubuntu/workspace/log/login.php:0
[25-Sep-2015 08:43:18 UTC] PHP Warning:  session_start(): Cannot send session cache limiter - headers already sent (output started at /home/ubuntu/workspace/smt/smitnyk.php:125) in /home/ubuntu/workspace/smt/smitnyk.php on line 126
[25-Sep-2015 08:43:18 UTC] PHP Stack trace:
[25-Sep-2015 08:43:18 UTC] PHP   1. {main}() /home/ubuntu/workspace/smt/smitnyk.php:0
[25-Sep-2015 08:43:18 UTC] PHP   2. session_start() /home/ubuntu/workspace/smt/smitnyk.php:126
[25-Sep-2015 09:35:13 UTC] PHP Warning:  session_start(): Cannot send session cache limiter - headers already sent (output started at /home/ubuntu/workspace/smt/smitnyk.php:125) in /home/ubuntu/workspace/smt/smitnyk.php on line 126
[25-Sep-2015 09:35:13 UTC] PHP Stack trace:
[25-Sep-2015 09:35:13 UTC] PHP   1. {main}() /home/ubuntu/workspace/smt/smitnyk.php:0
[25-Sep-2015 09:35:13 UTC] PHP   2. session_start() /home/ubuntu/workspace/smt/smitnyk.php:126
[25-Sep-2015 10:42:10 UTC] PHP Warning:  session_start(): Cannot send session cache limiter - headers already sent (output started at /home/ubuntu/workspace/smt/smitnyk.php:125) in /home/ubuntu/workspace/smt/smitnyk.php on line 126
[25-Sep-2015 10:42:10 UTC] PHP Stack trace:
[25-Sep-2015 10:42:10 UTC] PHP   1. {main}() /home/ubuntu/workspace/smt/smitnyk.php:0
[25-Sep-2015 10:42:10 UTC] PHP   2. session_start() /home/ubuntu/workspace/smt/smitnyk.php:126
[25-Sep-2015 10:43:10 UTC] PHP Warning:  session_start(): Cannot send session cache limiter - headers already sent (output started at /home/ubuntu/workspace/wddp/wooddump.php:124) in /home/ubuntu/workspace/wddp/wooddump.php on line 125
[25-Sep-2015 10:43:10 UTC] PHP Stack trace:
[25-Sep-2015 10:43:10 UTC] PHP   1. {main}() /home/ubuntu/workspace/wddp/wooddump.php:0
[25-Sep-2015 10:43:10 UTC] PHP   2. session_start() /home/ubuntu/workspace/wddp/wooddump.php:125
[25-Sep-2015 10:44:00 UTC] PHP Warning:  session_start(): Cannot send session cache limiter - headers already sent (output started at /home/ubuntu/workspace/wddp/wooddump.php:124) in /home/ubuntu/workspace/wddp/wooddump.php on line 125
[25-Sep-2015 10:44:00 UTC] PHP Stack trace:
[25-Sep-2015 10:44:00 UTC] PHP   1. {main}() /home/ubuntu/workspace/wddp/wooddump.php:0
[25-Sep-2015 10:44:00 UTC] PHP   2. session_start() /home/ubuntu/workspace/wddp/wooddump.php:125
[26-Sep-2015 08:12:16 UTC] PHP Warning:  session_start(): Cannot send session cookie - headers already sent by (output started at /home/ubuntu/workspace/rt/addroute.php:166) in /home/ubuntu/workspace/rt/addroute.php on line 167
[26-Sep-2015 08:12:16 UTC] PHP Stack trace:
[26-Sep-2015 08:12:16 UTC] PHP   1. {main}() /home/ubuntu/workspace/rt/addroute.php:0
[26-Sep-2015 08:12:16 UTC] PHP   2. session_start() /home/ubuntu/workspace/rt/addroute.php:167
[26-Sep-2015 08:12:16 UTC] PHP Warning:  session_start(): Cannot send session cache limiter - headers already sent (output started at /home/ubuntu/workspace/rt/addroute.php:166) in /home/ubuntu/workspace/rt/addroute.php on line 167
[26-Sep-2015 08:12:16 UTC] PHP Stack trace:
[26-Sep-2015 08:12:16 UTC] PHP   1. {main}() /home/ubuntu/workspace/rt/addroute.php:0
[26-Sep-2015 08:12:16 UTC] PHP   2. session_start() /home/ubuntu/workspace/rt/addroute.php:167
[26-Sep-2015 08:12:16 UTC] PHP Warning:  Cannot modify header information - headers already sent by (output started at /home/ubuntu/workspace/rt/addroute.php:166) in /home/ubuntu/workspace/rt/addroute.php on line 168
[26-Sep-2015 08:12:16 UTC] PHP Stack trace:
[26-Sep-2015 08:12:16 UTC] PHP   1. {main}() /home/ubuntu/workspace/rt/addroute.php:0
[26-Sep-2015 08:12:16 UTC] PHP   2. header() /home/ubuntu/workspace/rt/addroute.php:168
[26-Sep-2015 09:01:07 UTC] PHP Warning:  session_start(): Cannot send session cache limiter - headers already sent (output started at /home/ubuntu/workspace/rt/route.php:217) in /home/ubuntu/workspace/rt/route.php on line 218
[26-Sep-2015 09:01:07 UTC] PHP Stack trace:
[26-Sep-2015 09:01:07 UTC] PHP   1. {main}() /home/ubuntu/workspace/rt/route.php:0
[26-Sep-2015 09:01:07 UTC] PHP   2. session_start() /home/ubuntu/workspace/rt/route.php:218
[26-Sep-2015 09:10:27 UTC] PHP Warning:  session_start(): Cannot send session cache limiter - headers already sent (output started at /home/ubuntu/workspace/rt/route.php:217) in /home/ubuntu/workspace/rt/route.php on line 218
[26-Sep-2015 09:10:27 UTC] PHP Stack trace:
[26-Sep-2015 09:10:27 UTC] PHP   1. {main}() /home/ubuntu/workspace/rt/route.php:0
[26-Sep-2015 09:10:27 UTC] PHP   2. session_start() /home/ubuntu/workspace/rt/route.php:218
[26-Sep-2015 11:15:40 UTC] PHP Parse error:  syntax error, unexpected ',' in /home/ubuntu/workspace/rt/rtdetails.php on line 90
[26-Sep-2015 11:16:22 UTC] PHP Parse error:  syntax error, unexpected ',' in /home/ubuntu/workspace/rt/rtdetails.php on line 90
[26-Sep-2015 11:16:31 UTC] PHP Parse error:  syntax error, unexpected ',' in /home/ubuntu/workspace/rt/rtdetails.php on line 90
[26-Sep-2015 11:17:11 UTC] PHP Parse error:  syntax error, unexpected ',' in /home/ubuntu/workspace/rt/rtdetails.php on line 90
[26-Sep-2015 11:17:12 UTC] PHP Parse error:  syntax error, unexpected ',' in /home/ubuntu/workspace/rt/rtdetails.php on line 90
[26-Sep-2015 11:17:14 UTC] PHP Parse error:  syntax error, unexpected ',' in /home/ubuntu/workspace/rt/rtdetails.php on line 90
[26-Sep-2015 11:18:26 UTC] PHP Parse error:  syntax error, unexpected ',' in /home/ubuntu/workspace/rt/rtdetails.php on line 90
[26-Sep-2015 11:42:36 UTC] PHP Parse error:  syntax error, unexpected end of file in /home/ubuntu/workspace/rt/rtdetails.php on line 189
[26-Sep-2015 11:43:04 UTC] PHP Parse error:  syntax error, unexpected end of file in /home/ubuntu/workspace/rt/rtdetails.php on line 189
[26-Sep-2015 11:43:06 UTC] PHP Parse error:  syntax error, unexpected end of file in /home/ubuntu/workspace/rt/rtdetails.php on line 189
[26-Sep-2015 11:43:13 UTC] PHP Warning:  Division by zero in /home/ubuntu/workspace/rt/rtdetails.php on line 104
[26-Sep-2015 11:43:13 UTC] PHP Stack trace:
[26-Sep-2015 11:43:13 UTC] PHP   1. {main}() /home/ubuntu/workspace/rt/rtdetails.php:0
[26-Sep-2015 11:43:13 UTC] PHP Warning:  Division by zero in /home/ubuntu/workspace/rt/rtdetails.php on line 105
[26-Sep-2015 11:43:13 UTC] PHP Stack trace:
[26-Sep-2015 11:43:13 UTC] PHP   1. {main}() /home/ubuntu/workspace/rt/rtdetails.php:0
[26-Sep-2015 11:43:13 UTC] PHP Warning:  Division by zero in /home/ubuntu/workspace/rt/rtdetails.php on line 106
[26-Sep-2015 11:43:13 UTC] PHP Stack trace:
[26-Sep-2015 11:43:13 UTC] PHP   1. {main}() /home/ubuntu/workspace/rt/rtdetails.php:0
[26-Sep-2015 11:43:13 UTC] PHP Warning:  Division by zero in /home/ubuntu/workspace/rt/rtdetails.php on line 107
[26-Sep-2015 11:43:13 UTC] PHP Stack trace:
[26-Sep-2015 11:43:13 UTC] PHP   1. {main}() /home/ubuntu/workspace/rt/rtdetails.php:0
[26-Sep-2015 11:52:29 UTC] PHP Warning:  Division by zero in /home/ubuntu/workspace/rt/rtdetails.php on line 104
[26-Sep-2015 11:52:29 UTC] PHP Stack trace:
[26-Sep-2015 11:52:29 UTC] PHP   1. {main}() /home/ubuntu/workspace/rt/rtdetails.php:0
[26-Sep-2015 11:52:29 UTC] PHP Warning:  Division by zero in /home/ubuntu/workspace/rt/rtdetails.php on line 105
[26-Sep-2015 11:52:29 UTC] PHP Stack trace:
[26-Sep-2015 11:52:29 UTC] PHP   1. {main}() /home/ubuntu/workspace/rt/rtdetails.php:0
[26-Sep-2015 11:52:29 UTC] PHP Warning:  Division by zero in /home/ubuntu/workspace/rt/rtdetails.php on line 106
[26-Sep-2015 11:52:29 UTC] PHP Stack trace:
[26-Sep-2015 11:52:29 UTC] PHP   1. {main}() /home/ubuntu/workspace/rt/rtdetails.php:0
[26-Sep-2015 11:52:29 UTC] PHP Warning:  Division by zero in /home/ubuntu/workspace/rt/rtdetails.php on line 107
[26-Sep-2015 11:52:29 UTC] PHP Stack trace:
[26-Sep-2015 11:52:29 UTC] PHP   1. {main}() /home/ubuntu/workspace/rt/rtdetails.php:0
[26-Sep-2015 11:53:10 UTC] PHP Warning:  Division by zero in /home/ubuntu/workspace/rt/rtdetails.php on line 104
[26-Sep-2015 11:53:10 UTC] PHP Stack trace:
[26-Sep-2015 11:53:10 UTC] PHP   1. {main}() /home/ubuntu/workspace/rt/rtdetails.php:0
[26-Sep-2015 11:53:10 UTC] PHP Warning:  Division by zero in /home/ubuntu/workspace/rt/rtdetails.php on line 105
[26-Sep-2015 11:53:10 UTC] PHP Stack trace:
[26-Sep-2015 11:53:10 UTC] PHP   1. {main}() /home/ubuntu/workspace/rt/rtdetails.php:0
[26-Sep-2015 11:53:10 UTC] PHP Warning:  Division by zero in /home/ubuntu/workspace/rt/rtdetails.php on line 106
[26-Sep-2015 11:53:10 UTC] PHP Stack trace:
[26-Sep-2015 11:53:10 UTC] PHP   1. {main}() /home/ubuntu/workspace/rt/rtdetails.php:0
[26-Sep-2015 11:53:10 UTC] PHP Warning:  Division by zero in /home/ubuntu/workspace/rt/rtdetails.php on line 107
[26-Sep-2015 11:53:10 UTC] PHP Stack trace:
[26-Sep-2015 11:53:10 UTC] PHP   1. {main}() /home/ubuntu/workspace/rt/rtdetails.php:0
[26-Sep-2015 11:53:19 UTC] PHP Parse error:  syntax error, unexpected '<' in /home/ubuntu/workspace/rt/rtdetails.php on line 124
[26-Sep-2015 11:53:45 UTC] PHP Warning:  Division by zero in /home/ubuntu/workspace/rt/rtdetails.php on line 105
[26-Sep-2015 11:53:45 UTC] PHP Stack trace:
[26-Sep-2015 11:53:45 UTC] PHP   1. {main}() /home/ubuntu/workspace/rt/rtdetails.php:0
[26-Sep-2015 11:53:45 UTC] PHP Warning:  Division by zero in /home/ubuntu/workspace/rt/rtdetails.php on line 107
[26-Sep-2015 11:53:45 UTC] PHP Stack trace:
[26-Sep-2015 11:53:45 UTC] PHP   1. {main}() /home/ubuntu/workspace/rt/rtdetails.php:0
[26-Sep-2015 12:03:38 UTC] PHP Warning:  Division by zero in /home/ubuntu/workspace/rt/rtdetails.php on line 105
[26-Sep-2015 12:03:38 UTC] PHP Stack trace:
[26-Sep-2015 12:03:38 UTC] PHP   1. {main}() /home/ubuntu/workspace/rt/rtdetails.php:0
[26-Sep-2015 12:03:38 UTC] PHP Warning:  Division by zero in /home/ubuntu/workspace/rt/rtdetails.php on line 107
[26-Sep-2015 12:03:38 UTC] PHP Stack trace:
[26-Sep-2015 12:03:38 UTC] PHP   1. {main}() /home/ubuntu/workspace/rt/rtdetails.php:0
[26-Sep-2015 12:07:04 UTC] PHP Warning:  Division by zero in /home/ubuntu/workspace/rt/rtdetails.php on line 105
[26-Sep-2015 12:07:04 UTC] PHP Stack trace:
[26-Sep-2015 12:07:04 UTC] PHP   1. {main}() /home/ubuntu/workspace/rt/rtdetails.php:0
[26-Sep-2015 15:49:57 UTC] PHP Warning:  session_destroy() expects exactly 0 parameters, 1 given in /home/ubuntu/workspace/log/logout.php on line 4
[26-Sep-2015 15:49:57 UTC] PHP Stack trace:
[26-Sep-2015 15:49:57 UTC] PHP   1. {main}() /home/ubuntu/workspace/log/logout.php:0
[26-Sep-2015 15:49:57 UTC] PHP   2. session_destroy() /home/ubuntu/workspace/log/logout.php:4
[26-Sep-2015 16:38:17 UTC] PHP Warning:  session_destroy() expects exactly 0 parameters, 1 given in /home/ubuntu/workspace/log/logout.php on line 4
[26-Sep-2015 16:38:17 UTC] PHP Stack trace:
[26-Sep-2015 16:38:17 UTC] PHP   1. {main}() /home/ubuntu/workspace/log/logout.php:0
[26-Sep-2015 16:38:17 UTC] PHP   2. session_destroy() /home/ubuntu/workspace/log/logout.php:4
[26-Sep-2015 19:53:22 UTC] PHP Warning:  fopen(/photos/.txt): failed to open stream: No such file or directory in /home/ubuntu/workspace/vrbk/addervrb.php on line 49
[26-Sep-2015 19:53:22 UTC] PHP Stack trace:
[26-Sep-2015 19:53:22 UTC] PHP   1. {main}() /home/ubuntu/workspace/vrbk/addervrb.php:0
[26-Sep-2015 19:53:22 UTC] PHP   2. fopen() /home/ubuntu/workspace/vrbk/addervrb.php:49
[26-Sep-2015 19:53:22 UTC] PHP Warning:  fwrite() expects parameter 1 to be resource, boolean given in /home/ubuntu/workspace/vrbk/addervrb.php on line 50
[26-Sep-2015 19:53:22 UTC] PHP Stack trace:
[26-Sep-2015 19:53:22 UTC] PHP   1. {main}() /home/ubuntu/workspace/vrbk/addervrb.php:0
[26-Sep-2015 19:53:22 UTC] PHP   2. fwrite() /home/ubuntu/workspace/vrbk/addervrb.php:50
[26-Sep-2015 19:53:22 UTC] PHP Warning:  fclose() expects parameter 1 to be resource, boolean given in /home/ubuntu/workspace/vrbk/addervrb.php on line 51
[26-Sep-2015 19:53:22 UTC] PHP Stack trace:
[26-Sep-2015 19:53:22 UTC] PHP   1. {main}() /home/ubuntu/workspace/vrbk/addervrb.php:0
[26-Sep-2015 19:53:22 UTC] PHP   2. fclose() /home/ubuntu/workspace/vrbk/addervrb.php:51
[26-Sep-2015 19:55:11 UTC] PHP Warning:  fopen(/polygons/1443297311.txt): failed to open stream: No such file or directory in /home/ubuntu/workspace/vrbk/addervrb.php on line 50
[26-Sep-2015 19:55:11 UTC] PHP Stack trace:
[26-Sep-2015 19:55:11 UTC] PHP   1. {main}() /home/ubuntu/workspace/vrbk/addervrb.php:0
[26-Sep-2015 19:55:11 UTC] PHP   2. fopen() /home/ubuntu/workspace/vrbk/addervrb.php:50
[26-Sep-2015 19:55:11 UTC] PHP Warning:  fwrite() expects parameter 1 to be resource, boolean given in /home/ubuntu/workspace/vrbk/addervrb.php on line 51
[26-Sep-2015 19:55:11 UTC] PHP Stack trace:
[26-Sep-2015 19:55:11 UTC] PHP   1. {main}() /home/ubuntu/workspace/vrbk/addervrb.php:0
[26-Sep-2015 19:55:11 UTC] PHP   2. fwrite() /home/ubuntu/workspace/vrbk/addervrb.php:51
[26-Sep-2015 19:55:11 UTC] PHP Warning:  fclose() expects parameter 1 to be resource, boolean given in /home/ubuntu/workspace/vrbk/addervrb.php on line 52
[26-Sep-2015 19:55:11 UTC] PHP Stack trace:
[26-Sep-2015 19:55:11 UTC] PHP   1. {main}() /home/ubuntu/workspace/vrbk/addervrb.php:0
[26-Sep-2015 19:55:11 UTC] PHP   2. fclose() /home/ubuntu/workspace/vrbk/addervrb.php:52
[26-Sep-2015 19:57:01 UTC] PHP Warning:  fopen(/polygons/1443297421.txt): failed to open stream: No such file or directory in /home/ubuntu/workspace/vrbk/addervrb.php on line 50
[26-Sep-2015 19:57:01 UTC] PHP Stack trace:
[26-Sep-2015 19:57:01 UTC] PHP   1. {main}() /home/ubuntu/workspace/vrbk/addervrb.php:0
[26-Sep-2015 19:57:01 UTC] PHP   2. fopen() /home/ubuntu/workspace/vrbk/addervrb.php:50
[26-Sep-2015 19:57:01 UTC] PHP Warning:  fwrite() expects parameter 1 to be resource, boolean given in /home/ubuntu/workspace/vrbk/addervrb.php on line 51
[26-Sep-2015 19:57:01 UTC] PHP Stack trace:
[26-Sep-2015 19:57:01 UTC] PHP   1. {main}() /home/ubuntu/workspace/vrbk/addervrb.php:0
[26-Sep-2015 19:57:01 UTC] PHP   2. fwrite() /home/ubuntu/workspace/vrbk/addervrb.php:51
[26-Sep-2015 19:57:01 UTC] PHP Warning:  fclose() expects parameter 1 to be resource, boolean given in /home/ubuntu/workspace/vrbk/addervrb.php on line 52
[26-Sep-2015 19:57:01 UTC] PHP Stack trace:
[26-Sep-2015 19:57:01 UTC] PHP   1. {main}() /home/ubuntu/workspace/vrbk/addervrb.php:0
[26-Sep-2015 19:57:01 UTC] PHP   2. fclose() /home/ubuntu/workspace/vrbk/addervrb.php:52
[26-Sep-2015 19:59:04 UTC] PHP Warning:  fopen(/polygons/1443297544): failed to open stream: No such file or directory in /home/ubuntu/workspace/vrbk/addervrb.php on line 50
[26-Sep-2015 19:59:04 UTC] PHP Stack trace:
[26-Sep-2015 19:59:04 UTC] PHP   1. {main}() /home/ubuntu/workspace/vrbk/addervrb.php:0
[26-Sep-2015 19:59:04 UTC] PHP   2. fopen() /home/ubuntu/workspace/vrbk/addervrb.php:50
[26-Sep-2015 19:59:04 UTC] PHP Warning:  fwrite() expects parameter 1 to be resource, boolean given in /home/ubuntu/workspace/vrbk/addervrb.php on line 51
[26-Sep-2015 19:59:04 UTC] PHP Stack trace:
[26-Sep-2015 19:59:04 UTC] PHP   1. {main}() /home/ubuntu/workspace/vrbk/addervrb.php:0
[26-Sep-2015 19:59:04 UTC] PHP   2. fwrite() /home/ubuntu/workspace/vrbk/addervrb.php:51
[26-Sep-2015 19:59:04 UTC] PHP Warning:  fclose() expects parameter 1 to be resource, boolean given in /home/ubuntu/workspace/vrbk/addervrb.php on line 52
[26-Sep-2015 19:59:04 UTC] PHP Stack trace:
[26-Sep-2015 19:59:04 UTC] PHP   1. {main}() /home/ubuntu/workspace/vrbk/addervrb.php:0
[26-Sep-2015 19:59:04 UTC] PHP   2. fclose() /home/ubuntu/workspace/vrbk/addervrb.php:52
[26-Sep-2015 20:00:46 UTC] PHP Warning:  fopen(/polygons/1443297646): failed to open stream: No such file or directory in /home/ubuntu/workspace/vrbk/addervrb.php on line 50
[26-Sep-2015 20:00:46 UTC] PHP Stack trace:
[26-Sep-2015 20:00:46 UTC] PHP   1. {main}() /home/ubuntu/workspace/vrbk/addervrb.php:0
[26-Sep-2015 20:00:46 UTC] PHP   2. fopen() /home/ubuntu/workspace/vrbk/addervrb.php:50
[26-Sep-2015 20:00:46 UTC] PHP Warning:  fwrite() expects parameter 1 to be resource, boolean given in /home/ubuntu/workspace/vrbk/addervrb.php on line 51
[26-Sep-2015 20:00:46 UTC] PHP Stack trace:
[26-Sep-2015 20:00:46 UTC] PHP   1. {main}() /home/ubuntu/workspace/vrbk/addervrb.php:0
[26-Sep-2015 20:00:46 UTC] PHP   2. fwrite() /home/ubuntu/workspace/vrbk/addervrb.php:51
[26-Sep-2015 20:00:46 UTC] PHP Warning:  fclose() expects parameter 1 to be resource, boolean given in /home/ubuntu/workspace/vrbk/addervrb.php on line 52
[26-Sep-2015 20:00:46 UTC] PHP Stack trace:
[26-Sep-2015 20:00:46 UTC] PHP   1. {main}() /home/ubuntu/workspace/vrbk/addervrb.php:0
[26-Sep-2015 20:00:46 UTC] PHP   2. fclose() /home/ubuntu/workspace/vrbk/addervrb.php:52
[26-Sep-2015 20:01:37 UTC] PHP Warning:  fopen(/polygons/1443297697): failed to open stream: No such file or directory in /home/ubuntu/workspace/vrbk/addervrb.php on line 50
[26-Sep-2015 20:01:37 UTC] PHP Stack trace:
[26-Sep-2015 20:01:37 UTC] PHP   1. {main}() /home/ubuntu/workspace/vrbk/addervrb.php:0
[26-Sep-2015 20:01:37 UTC] PHP   2. fopen() /home/ubuntu/workspace/vrbk/addervrb.php:50
[26-Sep-2015 20:01:37 UTC] PHP Warning:  fwrite() expects parameter 1 to be resource, boolean given in /home/ubuntu/workspace/vrbk/addervrb.php on line 51
[26-Sep-2015 20:01:37 UTC] PHP Stack trace:
[26-Sep-2015 20:01:37 UTC] PHP   1. {main}() /home/ubuntu/workspace/vrbk/addervrb.php:0
[26-Sep-2015 20:01:37 UTC] PHP   2. fwrite() /home/ubuntu/workspace/vrbk/addervrb.php:51
[27-Sep-2015 07:17:41 UTC] PHP Warning:  session_start(): Cannot send session cache limiter - headers already sent (output started at /home/ubuntu/workspace/vrbk/virubka.php:144) in /home/ubuntu/workspace/vrbk/virubka.php on line 145
[27-Sep-2015 07:17:41 UTC] PHP Stack trace:
[27-Sep-2015 07:17:41 UTC] PHP   1. {main}() /home/ubuntu/workspace/vrbk/virubka.php:0
[27-Sep-2015 07:17:41 UTC] PHP   2. session_start() /home/ubuntu/workspace/vrbk/virubka.php:145
[27-Sep-2015 07:18:17 UTC] PHP Warning:  session_start(): Cannot send session cache limiter - headers already sent (output started at /home/ubuntu/workspace/vrbk/virubka.php:144) in /home/ubuntu/workspace/vrbk/virubka.php on line 145
[27-Sep-2015 07:18:17 UTC] PHP Stack trace:
[27-Sep-2015 07:18:17 UTC] PHP   1. {main}() /home/ubuntu/workspace/vrbk/virubka.php:0
[27-Sep-2015 07:18:17 UTC] PHP   2. session_start() /home/ubuntu/workspace/vrbk/virubka.php:145
[27-Sep-2015 07:20:50 UTC] PHP Warning:  session_start(): Cannot send session cache limiter - headers already sent (output started at /home/ubuntu/workspace/vrbk/virubka.php:144) in /home/ubuntu/workspace/vrbk/virubka.php on line 145
[27-Sep-2015 07:20:50 UTC] PHP Stack trace:
[27-Sep-2015 07:20:50 UTC] PHP   1. {main}() /home/ubuntu/workspace/vrbk/virubka.php:0
[27-Sep-2015 07:20:50 UTC] PHP   2. session_start() /home/ubuntu/workspace/vrbk/virubka.php:145
[27-Sep-2015 07:23:36 UTC] PHP Warning:  session_start(): Cannot send session cache limiter - headers already sent (output started at /home/ubuntu/workspace/vrbk/virubka.php:144) in /home/ubuntu/workspace/vrbk/virubka.php on line 145
[27-Sep-2015 07:23:36 UTC] PHP Stack trace:
[27-Sep-2015 07:23:36 UTC] PHP   1. {main}() /home/ubuntu/workspace/vrbk/virubka.php:0
[27-Sep-2015 07:23:36 UTC] PHP   2. session_start() /home/ubuntu/workspace/vrbk/virubka.php:145
[27-Sep-2015 07:24:25 UTC] PHP Warning:  session_start(): Cannot send session cache limiter - headers already sent (output started at /home/ubuntu/workspace/vrbk/virubka.php:145) in /home/ubuntu/workspace/vrbk/virubka.php on line 146
[27-Sep-2015 07:24:25 UTC] PHP Stack trace:
[27-Sep-2015 07:24:25 UTC] PHP   1. {main}() /home/ubuntu/workspace/vrbk/virubka.php:0
[27-Sep-2015 07:24:25 UTC] PHP   2. session_start() /home/ubuntu/workspace/vrbk/virubka.php:146
[27-Sep-2015 07:24:43 UTC] PHP Warning:  session_start(): Cannot send session cache limiter - headers already sent (output started at /home/ubuntu/workspace/vrbk/virubka.php:145) in /home/ubuntu/workspace/vrbk/virubka.php on line 146
[27-Sep-2015 07:24:43 UTC] PHP Stack trace:
[27-Sep-2015 07:24:43 UTC] PHP   1. {main}() /home/ubuntu/workspace/vrbk/virubka.php:0
[27-Sep-2015 07:24:43 UTC] PHP   2. session_start() /home/ubuntu/workspace/vrbk/virubka.php:146
[27-Sep-2015 10:37:09 UTC] PHP Warning:  session_destroy() expects exactly 0 parameters, 1 given in /home/ubuntu/workspace/log/logout.php on line 4
[27-Sep-2015 10:37:09 UTC] PHP Stack trace:
[27-Sep-2015 10:37:09 UTC] PHP   1. {main}() /home/ubuntu/workspace/log/logout.php:0
[27-Sep-2015 10:37:09 UTC] PHP   2. session_destroy() /home/ubuntu/workspace/log/logout.php:4
[27-Sep-2015 12:04:21 UTC] PHP Warning:  session_destroy() expects exactly 0 parameters, 1 given in /home/ubuntu/workspace/log/logout.php on line 4
[27-Sep-2015 12:04:21 UTC] PHP Stack trace:
[27-Sep-2015 12:04:21 UTC] PHP   1. {main}() /home/ubuntu/workspace/log/logout.php:0
[27-Sep-2015 12:04:21 UTC] PHP   2. session_destroy() /home/ubuntu/workspace/log/logout.php:4
[27-Sep-2015 13:46:40 UTC] PHP Warning:  session_destroy() expects exactly 0 parameters, 1 given in /home/ubuntu/workspace/log/logout.php on line 4
[27-Sep-2015 13:46:40 UTC] PHP Stack trace:
[27-Sep-2015 13:46:40 UTC] PHP   1. {main}() /home/ubuntu/workspace/log/logout.php:0
[27-Sep-2015 13:46:40 UTC] PHP   2. session_destroy() /home/ubuntu/workspace/log/logout.php:4
[27-Sep-2015 15:48:10 UTC] PHP Warning:  session_destroy() expects exactly 0 parameters, 1 given in /home/ubuntu/workspace/log/logout.php on line 4
[27-Sep-2015 15:48:10 UTC] PHP Stack trace:
[27-Sep-2015 15:48:10 UTC] PHP   1. {main}() /home/ubuntu/workspace/log/logout.php:0
[27-Sep-2015 15:48:10 UTC] PHP   2. session_destroy() /home/ubuntu/workspace/log/logout.php:4
[27-Sep-2015 16:57:22 UTC] PHP Warning:  session_destroy() expects exactly 0 parameters, 1 given in /home/ubuntu/workspace/log/logout.php on line 4
[27-Sep-2015 16:57:22 UTC] PHP Stack trace:
[27-Sep-2015 16:57:22 UTC] PHP   1. {main}() /home/ubuntu/workspace/log/logout.php:0
[27-Sep-2015 16:57:22 UTC] PHP   2. session_destroy() /home/ubuntu/workspace/log/logout.php:4
[27-Sep-2015 18:39:59 UTC] PHP Warning:  session_destroy() expects exactly 0 parameters, 1 given in /home/ubuntu/workspace/log/logout.php on line 4
[27-Sep-2015 18:39:59 UTC] PHP Stack trace:
[27-Sep-2015 18:39:59 UTC] PHP   1. {main}() /home/ubuntu/workspace/log/logout.php:0
[27-Sep-2015 18:39:59 UTC] PHP   2. session_destroy() /home/ubuntu/workspace/log/logout.php:4
[02-Oct-2015 19:00:09 UTC] PHP Warning:  session_destroy() expects exactly 0 parameters, 1 given in /home/ubuntu/workspace/log/logout.php on line 4
[02-Oct-2015 19:00:09 UTC] PHP Stack trace:
[02-Oct-2015 19:00:09 UTC] PHP   1. {main}() /home/ubuntu/workspace/log/logout.php:0
[02-Oct-2015 19:00:09 UTC] PHP   2. session_destroy() /home/ubuntu/workspace/log/logout.php:4
[06-Oct-2015 14:29:48 UTC] PHP Warning:  session_destroy() expects exactly 0 parameters, 1 given in /home/ubuntu/workspace/log/logout.php on line 4
[06-Oct-2015 14:29:48 UTC] PHP Stack trace:
[06-Oct-2015 14:29:48 UTC] PHP   1. {main}() /home/ubuntu/workspace/log/logout.php:0
[06-Oct-2015 14:29:48 UTC] PHP   2. session_destroy() /home/ubuntu/workspace/log/logout.php:4
[06-Oct-2015 14:36:08 UTC] PHP Parse error:  syntax error, unexpected '' (T_ENCAPSED_AND_WHITESPACE), expecting identifier (T_STRING) or variable (T_VARIABLE) or number (T_NUM_STRING) in /home/ubuntu/workspace/smt/trashdetails.php on line 73
[06-Oct-2015 14:58:20 UTC] PHP Warning:  session_destroy() expects exactly 0 parameters, 1 given in /home/ubuntu/workspace/log/logout.php on line 4
[06-Oct-2015 14:58:20 UTC] PHP Stack trace:
[06-Oct-2015 14:58:20 UTC] PHP   1. {main}() /home/ubuntu/workspace/log/logout.php:0
[06-Oct-2015 14:58:20 UTC] PHP   2. session_destroy() /home/ubuntu/workspace/log/logout.php:4
[06-Oct-2015 15:15:38 UTC] PHP Warning:  move_uploaded_file(/photos/index.jpg): failed to open stream: No such file or directory in /home/ubuntu/workspace/smt/processor.php on line 29
[06-Oct-2015 15:15:38 UTC] PHP Stack trace:
[06-Oct-2015 15:15:38 UTC] PHP   1. {main}() /home/ubuntu/workspace/smt/processor.php:0
[06-Oct-2015 15:15:38 UTC] PHP   2. move_uploaded_file() /home/ubuntu/workspace/smt/processor.php:29
[06-Oct-2015 15:15:38 UTC] PHP Warning:  move_uploaded_file(): Unable to move '/tmp/phpbj1c80' to '/photos/index.jpg' in /home/ubuntu/workspace/smt/processor.php on line 29
[06-Oct-2015 15:15:38 UTC] PHP Stack trace:
[06-Oct-2015 15:15:38 UTC] PHP   1. {main}() /home/ubuntu/workspace/smt/processor.php:0
[06-Oct-2015 15:15:38 UTC] PHP   2. move_uploaded_file() /home/ubuntu/workspace/smt/processor.php:29
[06-Oct-2015 15:15:38 UTC] PHP Warning:  imagecreatefromjpeg(/photos/index.jpg): failed to open stream: No such file or directory in /home/ubuntu/workspace/smt/processor.php on line 38
[06-Oct-2015 15:15:38 UTC] PHP Stack trace:
[06-Oct-2015 15:15:38 UTC] PHP   1. {main}() /home/ubuntu/workspace/smt/processor.php:0
[06-Oct-2015 15:15:38 UTC] PHP   2. imagecreatefromjpeg() /home/ubuntu/workspace/smt/processor.php:38
[06-Oct-2015 15:15:38 UTC] PHP Warning:  imagesx() expects parameter 1 to be resource, boolean given in /home/ubuntu/workspace/smt/processor.php on line 44
[06-Oct-2015 15:15:38 UTC] PHP Stack trace:
[06-Oct-2015 15:15:38 UTC] PHP   1. {main}() /home/ubuntu/workspace/smt/processor.php:0
[06-Oct-2015 15:15:38 UTC] PHP   2. imagesx() /home/ubuntu/workspace/smt/processor.php:44
[06-Oct-2015 15:15:38 UTC] PHP Warning:  imagesy() expects parameter 1 to be resource, boolean given in /home/ubuntu/workspace/smt/processor.php on line 45
[06-Oct-2015 15:15:38 UTC] PHP Stack trace:
[06-Oct-2015 15:15:38 UTC] PHP   1. {main}() /home/ubuntu/workspace/smt/processor.php:0
[06-Oct-2015 15:15:38 UTC] PHP   2. imagesy() /home/ubuntu/workspace/smt/processor.php:45
[06-Oct-2015 15:15:38 UTC] PHP Warning:  imagecopyresampled() expects parameter 2 to be resource, boolean given in /home/ubuntu/workspace/smt/processor.php on line 53
[06-Oct-2015 15:15:38 UTC] PHP Stack trace:
[06-Oct-2015 15:15:38 UTC] PHP   1. {main}() /home/ubuntu/workspace/smt/processor.php:0
[06-Oct-2015 15:15:38 UTC] PHP   2. imagecopyresampled() /home/ubuntu/workspace/smt/processor.php:53
[06-Oct-2015 15:15:38 UTC] PHP Warning:  imagejpeg(): Unable to open '/photos/1444144538.jpg' for writing: No such file or directory in /home/ubuntu/workspace/smt/processor.php on line 57
[06-Oct-2015 15:15:38 UTC] PHP Stack trace:
[06-Oct-2015 15:15:38 UTC] PHP   1. {main}() /home/ubuntu/workspace/smt/processor.php:0
[06-Oct-2015 15:15:38 UTC] PHP   2. imagejpeg() /home/ubuntu/workspace/smt/processor.php:57
[06-Oct-2015 15:15:38 UTC] PHP Warning:  unlink(/photos/index.jpg): No such file or directory in /home/ubuntu/workspace/smt/processor.php on line 61
[06-Oct-2015 15:15:38 UTC] PHP Stack trace:
[06-Oct-2015 15:15:38 UTC] PHP   1. {main}() /home/ubuntu/workspace/smt/processor.php:0
[06-Oct-2015 15:15:38 UTC] PHP   2. unlink() /home/ubuntu/workspace/smt/processor.php:61
[06-Oct-2015 15:16:23 UTC] PHP Warning:  move_uploaded_file(/photos/index.jpg): failed to open stream: No such file or directory in /home/ubuntu/workspace/wddp/wdprocessor.php on line 29
[06-Oct-2015 15:16:23 UTC] PHP Stack trace:
[06-Oct-2015 15:16:23 UTC] PHP   1. {main}() /home/ubuntu/workspace/wddp/wdprocessor.php:0
[06-Oct-2015 15:16:23 UTC] PHP   2. move_uploaded_file() /home/ubuntu/workspace/wddp/wdprocessor.php:29
[06-Oct-2015 15:16:23 UTC] PHP Warning:  move_uploaded_file(): Unable to move '/tmp/phpfPNtk6' to '/photos/index.jpg' in /home/ubuntu/workspace/wddp/wdprocessor.php on line 29
[06-Oct-2015 15:16:23 UTC] PHP Stack trace:
[06-Oct-2015 15:16:23 UTC] PHP   1. {main}() /home/ubuntu/workspace/wddp/wdprocessor.php:0
[06-Oct-2015 15:16:23 UTC] PHP   2. move_uploaded_file() /home/ubuntu/workspace/wddp/wdprocessor.php:29
[06-Oct-2015 15:16:23 UTC] PHP Warning:  imagecreatefromjpeg(/photos/index.jpg): failed to open stream: No such file or directory in /home/ubuntu/workspace/wddp/wdprocessor.php on line 38
[06-Oct-2015 15:16:23 UTC] PHP Stack trace:
[06-Oct-2015 15:16:23 UTC] PHP   1. {main}() /home/ubuntu/workspace/wddp/wdprocessor.php:0
[06-Oct-2015 15:16:23 UTC] PHP   2. imagecreatefromjpeg() /home/ubuntu/workspace/wddp/wdprocessor.php:38
[06-Oct-2015 15:16:23 UTC] PHP Warning:  imagesx() expects parameter 1 to be resource, boolean given in /home/ubuntu/workspace/wddp/wdprocessor.php on line 44
[06-Oct-2015 15:16:23 UTC] PHP Stack trace:
[06-Oct-2015 15:16:23 UTC] PHP   1. {main}() /home/ubuntu/workspace/wddp/wdprocessor.php:0
[06-Oct-2015 15:16:23 UTC] PHP   2. imagesx() /home/ubuntu/workspace/wddp/wdprocessor.php:44
[06-Oct-2015 15:16:23 UTC] PHP Warning:  imagesy() expects parameter 1 to be resource, boolean given in /home/ubuntu/workspace/wddp/wdprocessor.php on line 45
[06-Oct-2015 15:16:23 UTC] PHP Stack trace:
[06-Oct-2015 15:16:23 UTC] PHP   1. {main}() /home/ubuntu/workspace/wddp/wdprocessor.php:0
[06-Oct-2015 15:16:23 UTC] PHP   2. imagesy() /home/ubuntu/workspace/wddp/wdprocessor.php:45
[06-Oct-2015 15:16:23 UTC] PHP Warning:  imagecopyresampled() expects parameter 2 to be resource, boolean given in /home/ubuntu/workspace/wddp/wdprocessor.php on line 53
[06-Oct-2015 15:16:23 UTC] PHP Stack trace:
[06-Oct-2015 15:16:23 UTC] PHP   1. {main}() /home/ubuntu/workspace/wddp/wdprocessor.php:0
[06-Oct-2015 15:16:23 UTC] PHP   2. imagecopyresampled() /home/ubuntu/workspace/wddp/wdprocessor.php:53
[06-Oct-2015 15:16:23 UTC] PHP Warning:  imagejpeg(): Unable to open '/photos/1444144583.jpg' for writing: No such file or directory in /home/ubuntu/workspace/wddp/wdprocessor.php on line 57
[06-Oct-2015 15:16:23 UTC] PHP Stack trace:
[06-Oct-2015 15:16:23 UTC] PHP   1. {main}() /home/ubuntu/workspace/wddp/wdprocessor.php:0
[06-Oct-2015 15:16:23 UTC] PHP   2. imagejpeg() /home/ubuntu/workspace/wddp/wdprocessor.php:57
[06-Oct-2015 15:16:23 UTC] PHP Warning:  unlink(/photos/index.jpg): No such file or directory in /home/ubuntu/workspace/wddp/wdprocessor.php on line 61
[06-Oct-2015 15:16:23 UTC] PHP Stack trace:
[06-Oct-2015 15:16:23 UTC] PHP   1. {main}() /home/ubuntu/workspace/wddp/wdprocessor.php:0
[06-Oct-2015 15:16:23 UTC] PHP   2. unlink() /home/ubuntu/workspace/wddp/wdprocessor.php:61
[06-Oct-2015 15:31:09 UTC] PHP Warning:  move_uploaded_file(/photos/Знімок екрана з 2014-11-26 18:59:03.png): failed to open stream: No such file or directory in /home/ubuntu/workspace/smt/processor.php on line 29
[06-Oct-2015 15:31:09 UTC] PHP Stack trace:
[06-Oct-2015 15:31:09 UTC] PHP   1. {main}() /home/ubuntu/workspace/smt/processor.php:0
[06-Oct-2015 15:31:09 UTC] PHP   2. move_uploaded_file() /home/ubuntu/workspace/smt/processor.php:29
[06-Oct-2015 15:31:09 UTC] PHP Warning:  move_uploaded_file(): Unable to move '/tmp/php5kHkTC' to '/photos/Знімок екрана з 2014-11-26 18:59:03.png' in /home/ubuntu/workspace/smt/processor.php on line 29
[06-Oct-2015 15:31:09 UTC] PHP Stack trace:
[06-Oct-2015 15:31:09 UTC] PHP   1. {main}() /home/ubuntu/workspace/smt/processor.php:0
[06-Oct-2015 15:31:09 UTC] PHP   2. move_uploaded_file() /home/ubuntu/workspace/smt/processor.php:29
[06-Oct-2015 15:31:09 UTC] PHP Warning:  imagecreatefrompng(/photos/Знімок екрана з 2014-11-26 18:59:03.png): failed to open stream: No such file or directory in /home/ubuntu/workspace/smt/processor.php on line 35
[06-Oct-2015 15:31:09 UTC] PHP Stack trace:
[06-Oct-2015 15:31:09 UTC] PHP   1. {main}() /home/ubuntu/workspace/smt/processor.php:0
[06-Oct-2015 15:31:09 UTC] PHP   2. imagecreatefrompng() /home/ubuntu/workspace/smt/processor.php:35
[06-Oct-2015 15:31:09 UTC] PHP Warning:  imagesx() expects parameter 1 to be resource, boolean given in /home/ubuntu/workspace/smt/processor.php on line 44
[06-Oct-2015 15:31:09 UTC] PHP Stack trace:
[06-Oct-2015 15:31:09 UTC] PHP   1. {main}() /home/ubuntu/workspace/smt/processor.php:0
[06-Oct-2015 15:31:09 UTC] PHP   2. imagesx() /home/ubuntu/workspace/smt/processor.php:44
[06-Oct-2015 15:31:09 UTC] PHP Warning:  imagesy() expects parameter 1 to be resource, boolean given in /home/ubuntu/workspace/smt/processor.php on line 45
[06-Oct-2015 15:31:09 UTC] PHP Stack trace:
[06-Oct-2015 15:31:09 UTC] PHP   1. {main}() /home/ubuntu/workspace/smt/processor.php:0
[06-Oct-2015 15:31:09 UTC] PHP   2. imagesy() /home/ubuntu/workspace/smt/processor.php:45
[06-Oct-2015 15:31:09 UTC] PHP Warning:  imagecopyresampled() expects parameter 2 to be resource, boolean given in /home/ubuntu/workspace/smt/processor.php on line 53
[06-Oct-2015 15:31:09 UTC] PHP Stack trace:
[06-Oct-2015 15:31:09 UTC] PHP   1. {main}() /home/ubuntu/workspace/smt/processor.php:0
[06-Oct-2015 15:31:09 UTC] PHP   2. imagecopyresampled() /home/ubuntu/workspace/smt/processor.php:53
[06-Oct-2015 15:31:09 UTC] PHP Warning:  imagejpeg(): Unable to open '/photos/1444145469.jpg' for writing: No such file or directory in /home/ubuntu/workspace/smt/processor.php on line 57
[06-Oct-2015 15:31:09 UTC] PHP Stack trace:
[06-Oct-2015 15:31:09 UTC] PHP   1. {main}() /home/ubuntu/workspace/smt/processor.php:0
[06-Oct-2015 15:31:09 UTC] PHP   2. imagejpeg() /home/ubuntu/workspace/smt/processor.php:57
[06-Oct-2015 15:31:09 UTC] PHP Warning:  unlink(/photos/Знімок екрана з 2014-11-26 18:59:03.png): No such file or directory in /home/ubuntu/workspace/smt/processor.php on line 61
[06-Oct-2015 15:31:09 UTC] PHP Stack trace:
[06-Oct-2015 15:31:09 UTC] PHP   1. {main}() /home/ubuntu/workspace/smt/processor.php:0
[06-Oct-2015 15:31:09 UTC] PHP   2. unlink() /home/ubuntu/workspace/smt/processor.php:61
